#
# A fatal error has been detected by the Java Runtime Environment:
#
#  SIGSEGV (0xb) at pc=0x000000010e769e32, pid=18150, tid=0x0000000000000307
#
# JRE version: Java(TM) SE Runtime Environment (8.0_121-b13) (build 1.8.0_121-b13)
# Java VM: Java HotSpot(TM) 64-Bit Server VM (25.121-b13 mixed mode bsd-amd64 compressed oops)
# Problematic frame:
# V  [libjvm.dylib+0x169e32]
#
# Failed to write core dump. Core dumps have been disabled. To enable core dumping, try "ulimit -c unlimited" before starting Java again
#
# If you would like to submit a bug report, please visit:
#   http://bugreport.java.com/bugreport/crash.jsp
#

---------------  T H R E A D  ---------------

Current thread is native thread

siginfo: si_signo: 11 (SIGSEGV), si_code: 1 (SEGV_MAPERR), si_addr: 0x0000000000000270

Registers:
RAX=0x0000000000000000, RBX=0x0000000000000000, RCX=0x00007fa398ea5eb0, RDX=0x0000000000000000
RSP=0x00007fff51f916a0, RBP=0x00007fff51f916b0, RSI=0x0000000000000006, RDI=0x00007fff51f916c0
R8 =0x0000000000000000, R9 =0x0000000000000a00, R10=0x0000000112946ba8, R11=0x00007fa398ff0e50
R12=0x00007fa39912d1f8, R13=0x00007fa398fe1cd0, R14=0x00007fa398d29060, R15=0x00007fa39912d1f8
RIP=0x000000010e769e32, EFLAGS=0x0000000000010246, ERR=0x0000000000000006
  TRAPNO=0x000000000000000e

Top of Stack: (sp=0x00007fff51f916a0)
0x00007fff51f916a0:   0000000000000000 00007fa398d29060
0x00007fff51f916b0:   00007fff51f916e0 000000010e91416a
0x00007fff51f916c0:   0000000000000000 00007fa398ecb000
0x00007fff51f916d0:   00007fa3992ffe00 00007fa398fe0b90
0x00007fff51f916e0:   00007fff51f91700 00000001129401f5
0x00007fff51f916f0:   00007fa39b86c400 00007fa39912d1f8
0x00007fff51f91700:   00007fff51f91720 000000011294048f
0x00007fff51f91710:   00007fa39b86c400 00007fa398ea5eb0
0x00007fff51f91720:   00007fff51f91780 000000012fa4ee6b
0x00007fff51f91730:   888e7a472c1900aa 0000000000000000
0x00007fff51f91740:   40f81577ce3878ee 0000000000000000
0x00007fff51f91750:   00007fff51f91780 00007fa398fe0b90
0x00007fff51f91760:   00007fa39b2013e0 00007fa398fe1cd0
0x00007fff51f91770:   00007fa398fe0b90 00007fffb6eee040
0x00007fff51f91780:   00007fff51f91800 00007fffa7c8b165
0x00007fff51f91790:   00007fa39a98b000 0000000000000000
0x00007fff51f917a0:   0000061451f917e0 00007fa3992ffe00
0x00007fff51f917b0:   0000000000000000 0000000000000000
0x00007fff51f917c0:   0000000400000000 40f81577ce3878ee
0x00007fff51f917d0:   00007fff51f91800 00007fa398fe0b90
0x00007fff51f917e0:   0000000000000004 0000000000000000
0x00007fff51f917f0:   00007fffb6eee040 00007fffa0777557
0x00007fff51f91800:   00007fff51f91870 00007fffa7c8ace3
0x00007fff51f91810:   4000000000000000 4094000000000000
0x00007fff51f91820:   4088500000000000 0000000000000000
0x00007fff51f91830:   0000000000000000 4094000000000000
0x00007fff51f91840:   4088500000000000 00007fff51f91940
0x00007fff51f91850:   00007fa39b2012a8 0000000000000000
0x00007fff51f91860:   00007fffa078020e 00007fa39a98b000
0x00007fff51f91870:   00007fff51f92940 00007fffa7c9e052
0x00007fff51f91880:   00007fff51f92940 00007fffa7c9df28
0x00007fff51f91890:   00007fa39b2012a8 00007fa39b2012a8 

Instructions: (pc=0x000000010e769e32)
0x000000010e769e12:   0e 48 8b 0b 49 8b 56 18 48 63 c0 48 89 0c c2 5b
0x000000010e769e22:   41 5e 5d c3 90 90 55 48 89 e5 41 56 53 48 8b 1f
0x000000010e769e32:   c7 83 70 02 00 00 05 00 00 00 48 8d 05 85 64 78
0x000000010e769e42:   00 8b 00 83 f8 01 41 89 f6 75 0c 48 8d 0d d2 cf 

Register to memory mapping:

RAX=0x0000000000000000 is an unknown value
RBX=0x0000000000000000 is an unknown value
RCX=0x00007fa398ea5eb0 is an unknown value
RDX=0x0000000000000000 is an unknown value
RSP=0x00007fff51f916a0 is an unknown value
RBP=0x00007fff51f916b0 is an unknown value
RSI=0x0000000000000006 is an unknown value
RDI=0x00007fff51f916c0 is an unknown value
R8 =0x0000000000000000 is an unknown value
R9 =0x0000000000000a00 is an unknown value
R10=0x0000000112946ba8: OBJC_CLASS_$_JNFWeakJObjectWrapper+0 in /System/Library/Frameworks/JavaVM.framework/Versions/A/Frameworks/JavaNativeFoundation.framework/Versions/A/JavaNativeFoundation at 0x000000011293a000
R11=0x00007fa398ff0e50 is an unknown value
R12=0x00007fa39912d1f8 is an unknown value
R13=0x00007fa398fe1cd0 is an unknown value
R14=0x00007fa398d29060 is a weak global jni handle
R15=0x00007fa39912d1f8 is an unknown value


Stack: [0x00007fff51796000,0x00007fff51f96000],  sp=0x00007fff51f916a0,  free space=8173k
Native frames: (J=compiled Java code, j=interpreted, Vv=VM code, C=native code)
V  [libjvm.dylib+0x169e32]
V  [libjvm.dylib+0x31416a]
C  [JavaNativeFoundation+0x61f5]  -[JNFWeakJObjectWrapper _getWithEnv:]+0x25
C  [JavaNativeFoundation+0x648f]  -[JNFJObjectWrapper jObjectWithEnv:]+0x1d
C  [libawt_lwawt.dylib+0x1ae6b]  -[CGLLayer drawInCGLContext:pixelFormat:forLayerTime:displayTime:]+0xa4
C  [QuartzCore+0x113165]  _ZL17CAOpenGLLayerDrawP13CAOpenGLLayerdPK11CVTimeStampj+0x369
C  [QuartzCore+0x112ce3]  -[CAOpenGLLayer _display]+0x15f
C  [QuartzCore+0x126052]  _ZN2CA5Layer17display_if_neededEPNS_11TransactionE+0x23c
C  [QuartzCore+0x12617d]  _ZN2CA5Layer28layout_and_display_if_neededEPNS_11TransactionE+0x23
C  [QuartzCore+0x11b934]  _ZN2CA7Context18commit_transactionEPNS_11TransactionE+0x118
C  [QuartzCore+0x107e1]  _ZN2CA11Transaction6commitEv+0x1db
C  [QuartzCore+0x111fc]  _ZN2CA11Transaction17observer_callbackEP19__CFRunLoopObservermPv+0x6c
C  [CoreFoundation+0xa6d37]  __CFRUNLOOP_IS_CALLING_OUT_TO_AN_OBSERVER_CALLBACK_FUNCTION__+0x17
C  [CoreFoundation+0xa6ca7]  __CFRunLoopDoObservers+0x187
C  [CoreFoundation+0x8782e]  __CFRunLoopRun+0x4be
C  [CoreFoundation+0x87114]  CFRunLoopRunSpecific+0x1a4
C  [java+0x6465]  CreateExecutionEnvironment+0x367
C  [java+0x218c]  JLI_Launch+0x7a0
C  [java+0x84c2]  main+0x65
C  [java+0x19e4]  start+0x34


---------------  P R O C E S S  ---------------

VM state:not at safepoint (normal execution)

VM Mutex/Monitor currently owned by a thread: None

Heap:
 PSYoungGen      total 76288K, used 50773K [0x000000076ab00000, 0x0000000774000000, 0x00000007c0000000)
  eden space 65536K, 77% used [0x000000076ab00000,0x000000076dc95548,0x000000076eb00000)
  from space 10752K, 0% used [0x000000076f580000,0x000000076f580000,0x0000000770000000)
  to   space 10752K, 0% used [0x000000076eb00000,0x000000076eb00000,0x000000076f580000)
 ParOldGen       total 97280K, used 13062K [0x00000006c0000000, 0x00000006c5f00000, 0x000000076ab00000)
  object space 97280K, 13% used [0x00000006c0000000,0x00000006c0cc1818,0x00000006c5f00000)
 Metaspace       used 29635K, capacity 30978K, committed 31104K, reserved 1075200K
  class space    used 4129K, capacity 4433K, committed 4480K, reserved 1048576K

Card table byte_map: [0x000000010f962000,0x0000000110163000] byte_map_base: 0x000000010c362000

Marking Bits: (ParMarkBitMap*) 0x000000010eef0d30
 Begin Bits: [0x0000000124d38000, 0x0000000128d38000)
 End Bits:   [0x0000000128d38000, 0x000000012cd38000)

Polling page: 0x000000010dd2a000

CodeCache: size=245760Kb used=9684Kb max_used=9694Kb free=236075Kb
 bounds [0x0000000115d38000, 0x00000001166b8000, 0x0000000124d38000]
 total_blobs=4044 nmethods=3157 adapters=799
 compilation: enabled

Compilation events (10 events):
Event: 11.503 Thread 0x00007fa399808000 3152       3       sun.java2d.pipe.RenderBuffer::putLong (26 bytes)
Event: 11.503 Thread 0x00007fa399808000 nmethod 3152 0x00000001166b09d0 code [0x00000001166b0b40, 0x00000001166b0cd0]
Event: 11.503 Thread 0x00007fa399808000 3153       3       sun.java2d.pipe.Region::clipScale (41 bytes)
Event: 11.504 Thread 0x00007fa399808000 nmethod 3153 0x00000001166b0d90 code [0x00000001166b0f40, 0x00000001166b1208]
Event: 11.504 Thread 0x00007fa399808000 3154       3       sun.java2d.pipe.RenderQueue::ensureCapacity (16 bytes)
Event: 11.504 Thread 0x00007fa399808000 nmethod 3154 0x00000001166b1290 code [0x00000001166b1400, 0x00000001166b1748]
Event: 11.504 Thread 0x00007fa399808000 3155       3       javax.swing.JComponent::getWidth (5 bytes)
Event: 11.504 Thread 0x00007fa399808000 nmethod 3155 0x00000001166b1850 code [0x00000001166b19c0, 0x00000001166b1b30]
Event: 11.504 Thread 0x00007fa399808000 3156       3       java.util.concurrent.ConcurrentHashMap$ValueIterator::next (34 bytes)
Event: 11.504 Thread 0x00007fa399808000 nmethod 3156 0x00000001166b1b90 code [0x00000001166b1d20, 0x00000001166b2058]

GC Heap History (6 events):
Event: 3.732 GC heap before
{Heap before GC invocations=1 (full 0):
 PSYoungGen      total 76288K, used 64847K [0x000000076ab00000, 0x0000000770000000, 0x00000007c0000000)
  eden space 65536K, 98% used [0x000000076ab00000,0x000000076ea53f78,0x000000076eb00000)
  from space 10752K, 0% used [0x000000076f580000,0x000000076f580000,0x0000000770000000)
  to   space 10752K, 0% used [0x000000076eb00000,0x000000076eb00000,0x000000076f580000)
 ParOldGen       total 175104K, used 0K [0x00000006c0000000, 0x00000006cab00000, 0x000000076ab00000)
  object space 175104K, 0% used [0x00000006c0000000,0x00000006c0000000,0x00000006cab00000)
 Metaspace       used 19991K, capacity 20380K, committed 20864K, reserved 1067008K
  class space    used 2440K, capacity 2564K, committed 2688K, reserved 1048576K
Event: 3.746 GC heap after
Heap after GC invocations=1 (full 0):
 PSYoungGen      total 76288K, used 10741K [0x000000076ab00000, 0x0000000770000000, 0x00000007c0000000)
  eden space 65536K, 0% used [0x000000076ab00000,0x000000076ab00000,0x000000076eb00000)
  from space 10752K, 99% used [0x000000076eb00000,0x000000076f57d7c8,0x000000076f580000)
  to   space 10752K, 0% used [0x000000076f580000,0x000000076f580000,0x0000000770000000)
 ParOldGen       total 175104K, used 6404K [0x00000006c0000000, 0x00000006cab00000, 0x000000076ab00000)
  object space 175104K, 3% used [0x00000006c0000000,0x00000006c06410f8,0x00000006cab00000)
 Metaspace       used 19991K, capacity 20380K, committed 20864K, reserved 1067008K
  class space    used 2440K, capacity 2564K, committed 2688K, reserved 1048576K
}
Event: 3.778 GC heap before
{Heap before GC invocations=2 (full 0):
 PSYoungGen      total 76288K, used 27037K [0x000000076ab00000, 0x0000000770000000, 0x00000007c0000000)
  eden space 65536K, 24% used [0x000000076ab00000,0x000000076bae9fc0,0x000000076eb00000)
  from space 10752K, 99% used [0x000000076eb00000,0x000000076f57d7c8,0x000000076f580000)
  to   space 10752K, 0% used [0x000000076f580000,0x000000076f580000,0x0000000770000000)
 ParOldGen       total 175104K, used 6404K [0x00000006c0000000, 0x00000006cab00000, 0x000000076ab00000)
  object space 175104K, 3% used [0x00000006c0000000,0x00000006c06410f8,0x00000006cab00000)
 Metaspace       used 20619K, capacity 20968K, committed 21248K, reserved 1067008K
  class space    used 2553K, capacity 2696K, committed 2816K, reserved 1048576K
Event: 3.794 GC heap after
Heap after GC invocations=2 (full 0):
 PSYoungGen      total 76288K, used 10750K [0x000000076ab00000, 0x0000000774000000, 0x00000007c0000000)
  eden space 65536K, 0% used [0x000000076ab00000,0x000000076ab00000,0x000000076eb00000)
  from space 10752K, 99% used [0x000000076f580000,0x000000076ffffa88,0x0000000770000000)
  to   space 10752K, 0% used [0x000000076eb00000,0x000000076eb00000,0x000000076f580000)
 ParOldGen       total 175104K, used 19385K [0x00000006c0000000, 0x00000006cab00000, 0x000000076ab00000)
  object space 175104K, 11% used [0x00000006c0000000,0x00000006c12ee558,0x00000006cab00000)
 Metaspace       used 20619K, capacity 20968K, committed 21248K, reserved 1067008K
  class space    used 2553K, capacity 2696K, committed 2816K, reserved 1048576K
}
Event: 3.794 GC heap before
{Heap before GC invocations=3 (full 1):
 PSYoungGen      total 76288K, used 10750K [0x000000076ab00000, 0x0000000774000000, 0x00000007c0000000)
  eden space 65536K, 0% used [0x000000076ab00000,0x000000076ab00000,0x000000076eb00000)
  from space 10752K, 99% used [0x000000076f580000,0x000000076ffffa88,0x0000000770000000)
  to   space 10752K, 0% used [0x000000076eb00000,0x000000076eb00000,0x000000076f580000)
 ParOldGen       total 175104K, used 19385K [0x00000006c0000000, 0x00000006cab00000, 0x000000076ab00000)
  object space 175104K, 11% used [0x00000006c0000000,0x00000006c12ee558,0x00000006cab00000)
 Metaspace       used 20619K, capacity 20968K, committed 21248K, reserved 1067008K
  class space    used 2553K, capacity 2696K, committed 2816K, reserved 1048576K
Event: 3.826 GC heap after
Heap after GC invocations=3 (full 1):
 PSYoungGen      total 76288K, used 0K [0x000000076ab00000, 0x0000000774000000, 0x00000007c0000000)
  eden space 65536K, 0% used [0x000000076ab00000,0x000000076ab00000,0x000000076eb00000)
  from space 10752K, 0% used [0x000000076f580000,0x000000076f580000,0x0000000770000000)
  to   space 10752K, 0% used [0x000000076eb00000,0x000000076eb00000,0x000000076f580000)
 ParOldGen       total 97280K, used 13062K [0x00000006c0000000, 0x00000006c5f00000, 0x000000076ab00000)
  object space 97280K, 13% used [0x00000006c0000000,0x00000006c0cc1818,0x00000006c5f00000)
 Metaspace       used 20619K, capacity 20968K, committed 21248K, reserved 1067008K
  class space    used 2553K, capacity 2696K, committed 2816K, reserved 1048576K
}

Deoptimization events (10 events):
Event: 4.483 Thread 0x00007fa39912d000 Uncommon trap: reason=bimorphic action=maybe_recompile pc=0x00000001161648c0 method=java.io.DataInputStream.readChar()C @ 4
Event: 4.483 Thread 0x00007fa39912d000 Uncommon trap: reason=bimorphic action=maybe_recompile pc=0x0000000116224d90 method=java.io.DataInputStream.readInt()I @ 4
Event: 4.483 Thread 0x00007fa39912d000 Uncommon trap: reason=bimorphic action=maybe_recompile pc=0x0000000116224d90 method=java.io.DataInputStream.readInt()I @ 4
Event: 4.483 Thread 0x00007fa39912d000 Uncommon trap: reason=bimorphic action=maybe_recompile pc=0x0000000116224d90 method=java.io.DataInputStream.readInt()I @ 4
Event: 4.483 Thread 0x00007fa39912d000 Uncommon trap: reason=bimorphic action=maybe_recompile pc=0x0000000116224d90 method=java.io.DataInputStream.readInt()I @ 4
Event: 4.483 Thread 0x00007fa39912d000 Uncommon trap: reason=bimorphic action=maybe_recompile pc=0x00000001161648c0 method=java.io.DataInputStream.readChar()C @ 4
Event: 4.785 Thread 0x00007fa3999c0800 Uncommon trap: reason=unstable_if action=reinterpret pc=0x0000000116402be4 method=java.util.WeakHashMap.eq(Ljava/lang/Object;Ljava/lang/Object;)Z @ 2
Event: 4.858 Thread 0x00007fa39912d000 Uncommon trap: reason=unstable_if action=reinterpret pc=0x00000001163386fc method=jdk.internal.org.objectweb.asm.Item.isEqualTo(Ljdk/internal/org/objectweb/asm/Item;)Z @ 331
Event: 6.727 Thread 0x00007fa39912d000 Uncommon trap: reason=unstable_if action=reinterpret pc=0x000000011628b5b4 method=jdk.internal.org.objectweb.asm.Type.getArgumentsAndReturnSizes(Ljava/lang/String;)I @ 47
Event: 9.195 Thread 0x00007fa39912d000 Uncommon trap: reason=unstable_if action=reinterpret pc=0x00000001165f1258 method=com.sun.javafx.css.BitSet.remove(Ljava/lang/Object;)Z @ 76

Internal exceptions (10 events):
Event: 0.482 Thread 0x00007fa39a803800 Exception <a 'java/io/FileNotFoundException'> (0x000000076b123d48) thrown at [/Users/java_re/workspace/8-2-build-macosx-x86_64/jdk8u121/8372/hotspot/src/share/vm/prims/jni.cpp, line 709]
Event: 0.482 Thread 0x00007fa39a803800 Exception <a 'java/io/FileNotFoundException'> (0x000000076b1248e8) thrown at [/Users/java_re/workspace/8-2-build-macosx-x86_64/jdk8u121/8372/hotspot/src/share/vm/prims/jni.cpp, line 709]
Event: 2.503 Thread 0x00007fa39a803800 Exception <a 'java/lang/ArrayIndexOutOfBoundsException'> (0x000000076d92af60) thrown at [/Users/java_re/workspace/8-2-build-macosx-x86_64/jdk8u121/8372/hotspot/src/share/vm/runtime/sharedRuntime.cpp, line 605]
Event: 2.503 Thread 0x00007fa39a803800 Exception <a 'java/lang/ArrayIndexOutOfBoundsException'> (0x000000076d92c050) thrown at [/Users/java_re/workspace/8-2-build-macosx-x86_64/jdk8u121/8372/hotspot/src/share/vm/runtime/sharedRuntime.cpp, line 605]
Event: 2.503 Thread 0x00007fa39a803800 Exception <a 'java/lang/ArrayIndexOutOfBoundsException'> (0x000000076d92d470) thrown at [/Users/java_re/workspace/8-2-build-macosx-x86_64/jdk8u121/8372/hotspot/src/share/vm/runtime/sharedRuntime.cpp, line 605]
Event: 2.504 Thread 0x00007fa39a803800 Exception <a 'java/lang/ArrayIndexOutOfBoundsException'> (0x000000076d92e248) thrown at [/Users/java_re/workspace/8-2-build-macosx-x86_64/jdk8u121/8372/hotspot/src/share/vm/runtime/sharedRuntime.cpp, line 605]
Event: 3.749 Thread 0x00007fa39a022000 Exception <a 'java/lang/NullPointerException'> (0x000000076affffc0) thrown at [/Users/java_re/workspace/8-2-build-macosx-x86_64/jdk8u121/8372/hotspot/src/share/vm/interpreter/linkResolver.cpp, line 1178]
Event: 3.833 Thread 0x00007fa39912d000 Exception <a 'java/lang/NullPointerException'> (0x000000076ab34628) thrown at [/Users/java_re/workspace/8-2-build-macosx-x86_64/jdk8u121/8372/hotspot/src/share/vm/interpreter/linkResolver.cpp, line 1178]
Event: 3.833 Thread 0x00007fa39912d000 Exception <a 'java/lang/NullPointerException'> (0x000000076ab34628) thrown at [/Users/java_re/workspace/8-2-build-macosx-x86_64/jdk8u121/8372/hotspot/src/share/vm/prims/jvm.cpp, line 1394]
Event: 4.294 Thread 0x00007fa39912d000 Exception <a 'java/io/FileNotFoundException'> (0x000000076b76d660) thrown at [/Users/java_re/workspace/8-2-build-macosx-x86_64/jdk8u121/8372/hotspot/src/share/vm/prims/jni.cpp, line 709]

Events (10 events):
Event: 11.484 loading class javafx/application/Application done
Event: 11.504 loading class com/sun/javafx/tk/quantum/QuantumRenderer
Event: 11.504 loading class com/sun/javafx/tk/quantum/QuantumRenderer done
Event: 11.505 loading class com/sun/javafx/tk/quantum/QuantumToolkit
Event: 11.505 loading class com/sun/javafx/tk/quantum/QuantumToolkit done
Event: 11.505 Thread 0x00007fa3999c0800 Thread exited: 0x00007fa3999c0800
Event: 11.505 Thread 0x00007fa39a1ec800 Thread exited: 0x00007fa39a1ec800
Event: 11.505 Thread 0x00007fa39a803800 Thread exited: 0x00007fa39a803800
Event: 11.505 Thread 0x00007fa39a1ec800 Thread added: 0x00007fa39a1ec800
Event: 11.505 Thread 0x00007fa39912d000 Thread exited: 0x00007fa39912d000


Dynamic libraries:
0x000000002cc5c000 	/System/Library/Frameworks/Cocoa.framework/Versions/A/Cocoa
0x000000002cc5c000 	/System/Library/Frameworks/Security.framework/Versions/A/Security
0x000000002cc5c000 	/System/Library/Frameworks/ApplicationServices.framework/Versions/A/ApplicationServices
0x000000002cc5c000 	/usr/lib/libz.1.dylib
0x000000002cc5c000 	/usr/lib/libSystem.B.dylib
0x000000002cc5c000 	/usr/lib/libobjc.A.dylib
0x000000002cc5c000 	/System/Library/Frameworks/CoreFoundation.framework/Versions/A/CoreFoundation
0x000000002cc5c000 	/System/Library/Frameworks/Foundation.framework/Versions/C/Foundation
0x000000002cc5c000 	/System/Library/Frameworks/AppKit.framework/Versions/C/AppKit
0x000000002cc5c000 	/System/Library/Frameworks/CoreData.framework/Versions/A/CoreData
0x000000002cc5c000 	/System/Library/PrivateFrameworks/RemoteViewServices.framework/Versions/A/RemoteViewServices
0x000000002cc5c000 	/System/Library/PrivateFrameworks/UIFoundation.framework/Versions/A/UIFoundation
0x000000002cc5c000 	/System/Library/PrivateFrameworks/DFRFoundation.framework/Versions/A/DFRFoundation
0x000000002cc5c000 	/usr/lib/libenergytrace.dylib
0x000000002cc5c000 	/System/Library/PrivateFrameworks/SkyLight.framework/Versions/A/SkyLight
0x000000002cc5c000 	/System/Library/Frameworks/CoreGraphics.framework/Versions/A/CoreGraphics
0x000000002cc5c000 	/usr/lib/libScreenReader.dylib
0x000000002cc5c000 	/System/Library/Frameworks/Accelerate.framework/Versions/A/Accelerate
0x000000002cc5c000 	/System/Library/Frameworks/IOSurface.framework/Versions/A/IOSurface
0x000000002cc5c000 	/System/Library/Frameworks/AudioToolbox.framework/Versions/A/AudioToolbox
0x000000002cc5c000 	/System/Library/Frameworks/AudioUnit.framework/Versions/A/AudioUnit
0x000000002cc5c000 	/System/Library/PrivateFrameworks/DataDetectorsCore.framework/Versions/A/DataDetectorsCore
0x000000002cc5c000 	/System/Library/PrivateFrameworks/DesktopServicesPriv.framework/Versions/A/DesktopServicesPriv
0x000000002cc5c000 	/System/Library/Frameworks/Carbon.framework/Versions/A/Frameworks/HIToolbox.framework/Versions/A/HIToolbox
0x000000002cc5c000 	/usr/lib/libicucore.A.dylib
0x000000002cc5c000 	/System/Library/Frameworks/QuartzCore.framework/Versions/A/QuartzCore
0x000000002cc5c000 	/System/Library/Frameworks/Carbon.framework/Versions/A/Frameworks/SpeechRecognition.framework/Versions/A/SpeechRecognition
0x000000002cc5c000 	/usr/lib/libauto.dylib
0x000000002cc5c000 	/usr/lib/libxml2.2.dylib
0x000000002cc5c000 	/System/Library/PrivateFrameworks/CoreUI.framework/Versions/A/CoreUI
0x000000002cc5c000 	/System/Library/Frameworks/CoreAudio.framework/Versions/A/CoreAudio
0x000000002cc5c000 	/System/Library/Frameworks/DiskArbitration.framework/Versions/A/DiskArbitration
0x000000002cc5c000 	/usr/lib/liblangid.dylib
0x000000002cc5c000 	/System/Library/PrivateFrameworks/MultitouchSupport.framework/Versions/A/MultitouchSupport
0x000000002cc5c000 	/System/Library/Frameworks/IOKit.framework/Versions/A/IOKit
0x000000002cc5c000 	/usr/lib/libDiagnosticMessagesClient.dylib
0x000000002cc5c000 	/System/Library/Frameworks/CoreServices.framework/Versions/A/CoreServices
0x000000002cc5c000 	/System/Library/PrivateFrameworks/PerformanceAnalysis.framework/Versions/A/PerformanceAnalysis
0x000000002cc5c000 	/System/Library/PrivateFrameworks/GenerationalStorage.framework/Versions/A/GenerationalStorage
0x000000002cc5c000 	/System/Library/Frameworks/OpenGL.framework/Versions/A/OpenGL
0x000000002cc5c000 	/System/Library/Frameworks/CoreImage.framework/Versions/A/CoreImage
0x000000002cc5c000 	/System/Library/Frameworks/CoreText.framework/Versions/A/CoreText
0x000000002cc5c000 	/System/Library/Frameworks/ImageIO.framework/Versions/A/ImageIO
0x000000002cc5c000 	/System/Library/PrivateFrameworks/Backup.framework/Versions/A/Backup
0x000000002cc5c000 	/usr/lib/libarchive.2.dylib
0x000000002cc5c000 	/System/Library/Frameworks/CFNetwork.framework/Versions/A/CFNetwork
0x000000002cc5c000 	/System/Library/Frameworks/SystemConfiguration.framework/Versions/A/SystemConfiguration
0x000000002cc5c000 	/usr/lib/libCRFSuite.dylib
0x000000002cc5c000 	/usr/lib/libc++.1.dylib
0x000000002cc5c000 	/usr/lib/libc++abi.dylib
0x000000002cc5c000 	/usr/lib/system/libcache.dylib
0x000000002cc5c000 	/usr/lib/system/libcommonCrypto.dylib
0x000000002cc5c000 	/usr/lib/system/libcompiler_rt.dylib
0x000000002cc5c000 	/usr/lib/system/libcopyfile.dylib
0x000000002cc5c000 	/usr/lib/system/libcorecrypto.dylib
0x000000002cc5c000 	/usr/lib/system/libdispatch.dylib
0x000000002cc5c000 	/usr/lib/system/libdyld.dylib
0x000000002cc5c000 	/usr/lib/system/libkeymgr.dylib
0x000000002cc5c000 	/usr/lib/system/liblaunch.dylib
0x000000002cc5c000 	/usr/lib/system/libmacho.dylib
0x000000002cc5c000 	/usr/lib/system/libquarantine.dylib
0x000000002cc5c000 	/usr/lib/system/libremovefile.dylib
0x000000002cc5c000 	/usr/lib/system/libsystem_asl.dylib
0x000000002cc5c000 	/usr/lib/system/libsystem_blocks.dylib
0x000000002cc5c000 	/usr/lib/system/libsystem_c.dylib
0x000000002cc5c000 	/usr/lib/system/libsystem_configuration.dylib
0x000000002cc5c000 	/usr/lib/system/libsystem_coreservices.dylib
0x000000002cc5c000 	/usr/lib/system/libsystem_coretls.dylib
0x000000002cc5c000 	/usr/lib/system/libsystem_dnssd.dylib
0x000000002cc5c000 	/usr/lib/system/libsystem_info.dylib
0x000000002cc5c000 	/usr/lib/system/libsystem_kernel.dylib
0x000000002cc5c000 	/usr/lib/system/libsystem_m.dylib
0x000000002cc5c000 	/usr/lib/system/libsystem_malloc.dylib
0x000000002cc5c000 	/usr/lib/system/libsystem_network.dylib
0x000000002cc5c000 	/usr/lib/system/libsystem_networkextension.dylib
0x000000002cc5c000 	/usr/lib/system/libsystem_notify.dylib
0x000000002cc5c000 	/usr/lib/system/libsystem_platform.dylib
0x000000002cc5c000 	/usr/lib/system/libsystem_pthread.dylib
0x000000002cc5c000 	/usr/lib/system/libsystem_sandbox.dylib
0x000000002cc5c000 	/usr/lib/system/libsystem_secinit.dylib
0x000000002cc5c000 	/usr/lib/system/libsystem_symptoms.dylib
0x000000002cc5c000 	/usr/lib/system/libsystem_trace.dylib
0x000000002cc5c000 	/usr/lib/system/libunwind.dylib
0x000000002cc5c000 	/usr/lib/system/libxpc.dylib
0x000000002cc5c000 	/usr/lib/libbsm.0.dylib
0x000000002cc5c000 	/usr/lib/system/libkxld.dylib
0x000000002cc5c000 	/usr/lib/libcoretls.dylib
0x000000002cc5c000 	/usr/lib/libcoretls_cfhelpers.dylib
0x000000002cc5c000 	/usr/lib/libOpenScriptingUtil.dylib
0x000000002cc5c000 	/usr/lib/libpam.2.dylib
0x000000002cc5c000 	/usr/lib/libsqlite3.dylib
0x000000002cc5c000 	/usr/lib/libxar.1.dylib
0x000000002cc5c000 	/usr/lib/libbz2.1.0.dylib
0x000000002cc5c000 	/usr/lib/liblzma.5.dylib
0x000000002cc5c000 	/usr/lib/libnetwork.dylib
0x000000002cc5c000 	/usr/lib/libpcap.A.dylib
0x000000002cc5c000 	/System/Library/Frameworks/CoreServices.framework/Versions/A/Frameworks/FSEvents.framework/Versions/A/FSEvents
0x000000002cc5c000 	/System/Library/Frameworks/CoreServices.framework/Versions/A/Frameworks/CarbonCore.framework/Versions/A/CarbonCore
0x000000002cc5c000 	/System/Library/Frameworks/CoreServices.framework/Versions/A/Frameworks/Metadata.framework/Versions/A/Metadata
0x000000002cc5c000 	/System/Library/Frameworks/CoreServices.framework/Versions/A/Frameworks/OSServices.framework/Versions/A/OSServices
0x000000002cc5c000 	/System/Library/Frameworks/CoreServices.framework/Versions/A/Frameworks/SearchKit.framework/Versions/A/SearchKit
0x000000002cc5c000 	/System/Library/Frameworks/CoreServices.framework/Versions/A/Frameworks/AE.framework/Versions/A/AE
0x000000002cc5c000 	/System/Library/Frameworks/CoreServices.framework/Versions/A/Frameworks/LaunchServices.framework/Versions/A/LaunchServices
0x000000002cc5c000 	/System/Library/Frameworks/CoreServices.framework/Versions/A/Frameworks/DictionaryServices.framework/Versions/A/DictionaryServices
0x000000002cc5c000 	/System/Library/Frameworks/CoreServices.framework/Versions/A/Frameworks/SharedFileList.framework/Versions/A/SharedFileList
0x000000002cc5c000 	/System/Library/Frameworks/NetFS.framework/Versions/A/NetFS
0x000000002cc5c000 	/System/Library/PrivateFrameworks/NetAuth.framework/Versions/A/NetAuth
0x000000002cc5c000 	/System/Library/PrivateFrameworks/login.framework/Versions/A/Frameworks/loginsupport.framework/Versions/A/loginsupport
0x000000002cc5c000 	/System/Library/PrivateFrameworks/TCC.framework/Versions/A/TCC
0x000000002cc5c000 	/usr/lib/libmecabra.dylib
0x000000002cc5c000 	/System/Library/Frameworks/ApplicationServices.framework/Versions/A/Frameworks/ATS.framework/Versions/A/ATS
0x000000002cc5c000 	/System/Library/Frameworks/ApplicationServices.framework/Versions/A/Frameworks/ColorSync.framework/Versions/A/ColorSync
0x000000002cc5c000 	/System/Library/Frameworks/ApplicationServices.framework/Versions/A/Frameworks/HIServices.framework/Versions/A/HIServices
0x000000002cc5c000 	/System/Library/Frameworks/ApplicationServices.framework/Versions/A/Frameworks/LangAnalysis.framework/Versions/A/LangAnalysis
0x000000002cc5c000 	/System/Library/Frameworks/ApplicationServices.framework/Versions/A/Frameworks/PrintCore.framework/Versions/A/PrintCore
0x000000002cc5c000 	/System/Library/Frameworks/ApplicationServices.framework/Versions/A/Frameworks/QD.framework/Versions/A/QD
0x000000002cc5c000 	/System/Library/Frameworks/ApplicationServices.framework/Versions/A/Frameworks/SpeechSynthesis.framework/Versions/A/SpeechSynthesis
0x000000002cc5c000 	/System/Library/Frameworks/Accelerate.framework/Versions/A/Frameworks/vImage.framework/Versions/A/vImage
0x000000002cc5c000 	/System/Library/Frameworks/Accelerate.framework/Versions/A/Frameworks/vecLib.framework/Versions/A/vecLib
0x000000002cc5c000 	/System/Library/Frameworks/Accelerate.framework/Versions/A/Frameworks/vecLib.framework/Versions/A/libvDSP.dylib
0x000000002cc5c000 	/System/Library/Frameworks/Accelerate.framework/Versions/A/Frameworks/vecLib.framework/Versions/A/libBNNS.dylib
0x000000002cc5c000 	/System/Library/Frameworks/Accelerate.framework/Versions/A/Frameworks/vecLib.framework/Versions/A/libQuadrature.dylib
0x000000002cc5c000 	/System/Library/Frameworks/Accelerate.framework/Versions/A/Frameworks/vecLib.framework/Versions/A/libvMisc.dylib
0x000000002cc5c000 	/System/Library/Frameworks/Accelerate.framework/Versions/A/Frameworks/vecLib.framework/Versions/A/libLAPACK.dylib
0x000000002cc5c000 	/System/Library/Frameworks/Accelerate.framework/Versions/A/Frameworks/vecLib.framework/Versions/A/libBLAS.dylib
0x000000002cc5c000 	/System/Library/Frameworks/Accelerate.framework/Versions/A/Frameworks/vecLib.framework/Versions/A/libLinearAlgebra.dylib
0x000000002cc5c000 	/System/Library/Frameworks/Accelerate.framework/Versions/A/Frameworks/vecLib.framework/Versions/A/libSparseBLAS.dylib
0x000000002cc5c000 	/System/Library/Frameworks/ApplicationServices.framework/Versions/A/Frameworks/ATS.framework/Versions/A/Resources/libFontParser.dylib
0x000000002cc5c000 	/System/Library/Frameworks/ApplicationServices.framework/Versions/A/Frameworks/ATS.framework/Versions/A/Resources/libFontRegistry.dylib
0x000000002cc5c000 	/System/Library/Frameworks/ImageIO.framework/Versions/A/Resources/libJPEG.dylib
0x000000002cc5c000 	/System/Library/Frameworks/ImageIO.framework/Versions/A/Resources/libTIFF.dylib
0x000000002cc5c000 	/System/Library/Frameworks/ImageIO.framework/Versions/A/Resources/libPng.dylib
0x000000002cc5c000 	/System/Library/Frameworks/ImageIO.framework/Versions/A/Resources/libGIF.dylib
0x000000002cc5c000 	/System/Library/Frameworks/ImageIO.framework/Versions/A/Resources/libJP2.dylib
0x000000002cc5c000 	/System/Library/Frameworks/ImageIO.framework/Versions/A/Resources/libRadiance.dylib
0x000000002cc5c000 	/usr/lib/libcompression.dylib
0x000000002cc5c000 	/System/Library/PrivateFrameworks/AppleJPEG.framework/Versions/A/AppleJPEG
0x000000002cc5c000 	/usr/lib/libcups.2.dylib
0x000000002cc5c000 	/System/Library/Frameworks/Kerberos.framework/Versions/A/Kerberos
0x000000002cc5c000 	/System/Library/Frameworks/GSS.framework/Versions/A/GSS
0x000000002cc5c000 	/usr/lib/libresolv.9.dylib
0x000000002cc5c000 	/usr/lib/libiconv.2.dylib
0x000000002cc5c000 	/System/Library/PrivateFrameworks/Heimdal.framework/Versions/A/Heimdal
0x000000002cc5c000 	/usr/lib/libheimdal-asn1.dylib
0x000000002cc5c000 	/System/Library/Frameworks/OpenDirectory.framework/Versions/A/OpenDirectory
0x000000002cc5c000 	/System/Library/PrivateFrameworks/CommonAuth.framework/Versions/A/CommonAuth
0x000000002cc5c000 	/System/Library/Frameworks/OpenDirectory.framework/Versions/A/Frameworks/CFOpenDirectory.framework/Versions/A/CFOpenDirectory
0x000000002cc5c000 	/System/Library/Frameworks/SecurityFoundation.framework/Versions/A/SecurityFoundation
0x000000002cc5c000 	/System/Library/PrivateFrameworks/LanguageModeling.framework/Versions/A/LanguageModeling
0x000000002cc5c000 	/usr/lib/libmarisa.dylib
0x000000002cc5c000 	/usr/lib/libChineseTokenizer.dylib
0x000000002cc5c000 	/usr/lib/libcmph.dylib
0x000000002cc5c000 	/System/Library/PrivateFrameworks/CoreEmoji.framework/Versions/A/CoreEmoji
0x000000002cc5c000 	/System/Library/Frameworks/ServiceManagement.framework/Versions/A/ServiceManagement
0x000000002cc5c000 	/usr/lib/libxslt.1.dylib
0x000000002cc5c000 	/System/Library/Frameworks/Carbon.framework/Versions/A/Frameworks/Ink.framework/Versions/A/Ink
0x000000002cc5c000 	/System/Library/PrivateFrameworks/TextureIO.framework/Versions/A/TextureIO
0x000000002cc5c000 	/System/Library/Frameworks/Metal.framework/Versions/A/Metal
0x000000002cc5c000 	/usr/lib/libate.dylib
0x000000002cc5c000 	/System/Library/PrivateFrameworks/GPUCompiler.framework/libmetal_timestamp.dylib
0x000000002cc5c000 	/System/Library/Frameworks/OpenGL.framework/Versions/A/Libraries/libCoreFSCache.dylib
0x000000002cc5c000 	/System/Library/PrivateFrameworks/IOAccelerator.framework/Versions/A/IOAccelerator
0x000000002cc5c000 	/System/Library/Frameworks/CoreVideo.framework/Versions/A/CoreVideo
0x000000002cc5c000 	/usr/lib/libFosl_dynamic.dylib
0x000000002cc5c000 	/System/Library/PrivateFrameworks/MetalPerformanceShaders.framework/Versions/A/MetalPerformanceShaders
0x000000002cc5c000 	/System/Library/PrivateFrameworks/FaceCore.framework/Versions/A/FaceCore
0x000000002cc5c000 	/System/Library/Frameworks/OpenCL.framework/Versions/A/OpenCL
0x000000002cc5c000 	/System/Library/Frameworks/OpenGL.framework/Versions/A/Libraries/libGLU.dylib
0x000000002cc5c000 	/System/Library/Frameworks/OpenGL.framework/Versions/A/Libraries/libGFXShared.dylib
0x000000002cc5c000 	/System/Library/Frameworks/OpenGL.framework/Versions/A/Libraries/libGL.dylib
0x000000002cc5c000 	/System/Library/Frameworks/OpenGL.framework/Versions/A/Libraries/libGLImage.dylib
0x000000002cc5c000 	/System/Library/Frameworks/OpenGL.framework/Versions/A/Libraries/libCVMSPluginSupport.dylib
0x000000002cc5c000 	/System/Library/Frameworks/OpenGL.framework/Versions/A/Libraries/libCoreVMClient.dylib
0x000000002cc5c000 	/System/Library/PrivateFrameworks/CrashReporterSupport.framework/Versions/A/CrashReporterSupport
0x000000002cc5c000 	/System/Library/PrivateFrameworks/Sharing.framework/Versions/A/Sharing
0x000000002cc5c000 	/System/Library/PrivateFrameworks/IconServices.framework/Versions/A/IconServices
0x000000002cc5c000 	/System/Library/PrivateFrameworks/ProtocolBuffer.framework/Versions/A/ProtocolBuffer
0x000000002cc5c000 	/System/Library/PrivateFrameworks/Apple80211.framework/Versions/A/Apple80211
0x000000002cc5c000 	/System/Library/Frameworks/CoreWLAN.framework/Versions/A/CoreWLAN
0x000000002cc5c000 	/System/Library/PrivateFrameworks/CoreUtils.framework/Versions/A/CoreUtils
0x000000002cc5c000 	/System/Library/Frameworks/IOBluetooth.framework/Versions/A/IOBluetooth
0x000000002cc5c000 	/System/Library/PrivateFrameworks/CoreWiFi.framework/Versions/A/CoreWiFi
0x000000002cc5c000 	/System/Library/Frameworks/CoreBluetooth.framework/Versions/A/CoreBluetooth
0x000000002cc5c000 	/System/Library/Frameworks/CoreDisplay.framework/Versions/A/CoreDisplay
0x000000002cc5c000 	/System/Library/PrivateFrameworks/IOPresentment.framework/Versions/A/IOPresentment
0x000000002cc5c000 	/System/Library/PrivateFrameworks/DSExternalDisplay.framework/Versions/A/DSExternalDisplay
0x000000002cc5c000 	/System/Library/PrivateFrameworks/DebugSymbols.framework/Versions/A/DebugSymbols
0x000000002cc5c000 	/System/Library/PrivateFrameworks/CoreSymbolication.framework/Versions/A/CoreSymbolication
0x000000002cc5c000 	/System/Library/PrivateFrameworks/Symbolication.framework/Versions/A/Symbolication
0x000000002cc5c000 	/System/Library/PrivateFrameworks/AppleFSCompression.framework/Versions/A/AppleFSCompression
0x000000002cc5c000 	/System/Library/PrivateFrameworks/SpeechRecognitionCore.framework/Versions/A/SpeechRecognitionCore
0x000000002cc5c000 	/System/Library/PrivateFrameworks/ChunkingLibrary.framework/Versions/A/ChunkingLibrary
0x000000010e600000 	/Library/Java/JavaVirtualMachines/jdk1.8.0_121.jdk/Contents/Home/jre/lib/server/libjvm.dylib
0x000000002cc5c000 	/usr/lib/libstdc++.6.dylib
0x000000010dce7000 	/Library/Java/JavaVirtualMachines/jdk1.8.0_121.jdk/Contents/Home/jre/lib/libverify.dylib
0x000000010dcf5000 	/Library/Java/JavaVirtualMachines/jdk1.8.0_121.jdk/Contents/Home/jre/lib/libjava.dylib
0x000000010dd34000 	/Library/Java/JavaVirtualMachines/jdk1.8.0_121.jdk/Contents/Home/jre/lib/libzip.dylib
0x0000000112920000 	/System/Library/Frameworks/JavaVM.framework/Frameworks/JavaRuntimeSupport.framework/JavaRuntimeSupport
0x000000011293a000 	/System/Library/Frameworks/JavaVM.framework/Versions/A/Frameworks/JavaNativeFoundation.framework/Versions/A/JavaNativeFoundation
0x000000011294f000 	/System/Library/Frameworks/JavaVM.framework/Versions/A/JavaVM
0x000000002cc5c000 	/System/Library/Frameworks/Carbon.framework/Versions/A/Carbon
0x000000011295c000 	/System/Library/PrivateFrameworks/JavaLaunching.framework/Versions/A/JavaLaunching
0x000000002cc5c000 	/System/Library/Frameworks/Carbon.framework/Versions/A/Frameworks/CommonPanels.framework/Versions/A/CommonPanels
0x000000002cc5c000 	/System/Library/Frameworks/Carbon.framework/Versions/A/Frameworks/Help.framework/Versions/A/Help
0x000000002cc5c000 	/System/Library/Frameworks/Carbon.framework/Versions/A/Frameworks/ImageCapture.framework/Versions/A/ImageCapture
0x000000002cc5c000 	/System/Library/Frameworks/Carbon.framework/Versions/A/Frameworks/OpenScripting.framework/Versions/A/OpenScripting
0x000000002cc5c000 	/System/Library/Frameworks/Carbon.framework/Versions/A/Frameworks/Print.framework/Versions/A/Print
0x000000002cc5c000 	/System/Library/Frameworks/Carbon.framework/Versions/A/Frameworks/SecurityHI.framework/Versions/A/SecurityHI
0x0000000114332000 	/Library/Java/JavaVirtualMachines/jdk1.8.0_121.jdk/Contents/Home/jre/lib/libprism_es2.dylib
0x0000000114397000 	/System/Library/Frameworks/OpenGL.framework/Resources/GLEngine.bundle/GLEngine
0x000000002cc5c000 	/System/Library/Frameworks/OpenGL.framework/Versions/A/Libraries/libGLProgrammability.dylib
0x000000011457c000 	/System/Library/Extensions/AppleIntelSKLGraphicsGLDriver.bundle/Contents/MacOS/AppleIntelSKLGraphicsGLDriver
0x000000002cc5c000 	/System/Library/PrivateFrameworks/GPUSupport.framework/Versions/A/Libraries/libGPUSupportMercury.dylib
0x0000000115304000 	/System/Library/Frameworks/OpenGL.framework/Resources//GLRendererFloat.bundle/GLRendererFloat
0x000000002cc5c000 	/System/Library/Frameworks/OpenCL.framework/Versions/A/Libraries/libcldcpuengine.dylib
0x000000002cc5c000 	/usr/lib/libcrypto.0.9.8.dylib
0x000000002cc5c000 	/System/Library/PrivateFrameworks/TrustEvaluationAgent.framework/Versions/A/TrustEvaluationAgent
0x0000000115727000 	/Library/Java/JavaVirtualMachines/jdk1.8.0_121.jdk/Contents/Home/jre/lib/libglass.dylib
0x000000002cc5c000 	/System/Library/PrivateFrameworks/CoreServicesInternal.framework/Versions/A/CoreServicesInternal
0x000000002cc5c000 	/System/Library/CoreServices/RawCamera.bundle/Contents/MacOS/RawCamera
0x000000002cc5c000 	/System/Library/Frameworks/Accelerate.framework/Versions/A/Frameworks/vImage.framework/Versions/A/Libraries/libCGInterfaces.dylib
0x000000002cc5c000 	/System/Library/PrivateFrameworks/FamilyControls.framework/Versions/A/FamilyControls
0x000000002cc5c000 	/System/Library/PrivateFrameworks/CommerceKit.framework/Versions/A/Frameworks/CommerceCore.framework/Versions/A/CommerceCore
0x000000002cc5c000 	/System/Library/PrivateFrameworks/SystemAdministration.framework/Versions/A/SystemAdministration
0x000000002cc5c000 	/System/Library/PrivateFrameworks/AppContainer.framework/Versions/A/AppContainer
0x000000002cc5c000 	/System/Library/PrivateFrameworks/SecCodeWrapper.framework/Versions/A/SecCodeWrapper
0x000000002cc5c000 	/System/Library/Frameworks/DirectoryService.framework/Versions/A/DirectoryService
0x000000002cc5c000 	/System/Library/PrivateFrameworks/DiskImages.framework/Versions/A/DiskImages
0x000000002cc5c000 	/System/Library/PrivateFrameworks/LoginUIKit.framework/Versions/A/Frameworks/LoginUICore.framework/Versions/A/LoginUICore
0x000000002cc5c000 	/usr/lib/libCoreStorage.dylib
0x000000002cc5c000 	/usr/lib/libcsfde.dylib
0x000000002cc5c000 	/usr/lib/libodfde.dylib
0x000000002cc5c000 	/System/Library/Frameworks/DiscRecording.framework/Versions/A/DiscRecording
0x000000002cc5c000 	/usr/lib/libcurl.4.dylib
0x000000002cc5c000 	/System/Library/PrivateFrameworks/MediaKit.framework/Versions/A/MediaKit
0x000000002cc5c000 	/System/Library/PrivateFrameworks/ProtectedCloudStorage.framework/Versions/A/ProtectedCloudStorage
0x000000002cc5c000 	/System/Library/PrivateFrameworks/EFILogin.framework/Versions/A/EFILogin
0x000000002cc5c000 	/usr/lib/libutil.dylib
0x000000002cc5c000 	/System/Library/Frameworks/LDAP.framework/Versions/A/LDAP
0x000000002cc5c000 	/usr/lib/libsasl2.2.dylib
0x000000002cc5c000 	/System/Library/PrivateFrameworks/CoreDaemon.framework/Versions/B/CoreDaemon
0x000000002cc5c000 	/System/Library/PrivateFrameworks/AppleSRP.framework/Versions/A/AppleSRP
0x000000002cc5c000 	/System/Library/PrivateFrameworks/APFS.framework/Versions/A/APFS
0x000000012f8c0000 	/Library/Java/JavaVirtualMachines/jdk1.8.0_121.jdk/Contents/Home/jre/lib/libawt.dylib
0x000000012f968000 	/Library/Java/JavaVirtualMachines/jdk1.8.0_121.jdk/Contents/Home/jre/lib/./libmlib_image.dylib
0x000000012fa34000 	/Library/Java/JavaVirtualMachines/jdk1.8.0_121.jdk/Contents/Home/jre/lib/libawt_lwawt.dylib
0x000000012faeb000 	/Library/Java/JavaVirtualMachines/jdk1.8.0_121.jdk/Contents/Home/jre/lib/./libosxapp.dylib
0x000000002cc5c000 	/System/Library/Frameworks/ExceptionHandling.framework/Versions/A/ExceptionHandling
0x0000000130466000 	/Library/Java/JavaVirtualMachines/jdk1.8.0_121.jdk/Contents/Home/jre/lib/libfontmanager.dylib
0x000000002cc5c000 	/System/Library/Frameworks/ApplicationServices.framework/Versions/A/Frameworks/ATS.framework/Versions/A/Resources/libTrueTypeScaler.dylib
0x00000001316f4000 	/System/Library/Extensions/AppleIntelSKLGraphicsMTLDriver.bundle/Contents/MacOS/AppleIntelSKLGraphicsMTLDriver
0x0000000131273000 	/Library/Java/JavaVirtualMachines/jdk1.8.0_121.jdk/Contents/Home/jre/lib/libosxui.dylib
0x000000002cc5c000 	/System/Library/PrivateFrameworks/ViewBridge.framework/Versions/A/ViewBridge
0x000000002cc5c000 	/System/Library/PrivateFrameworks/XPCService.framework/Versions/A/XPCService
0x000000002cc5c000 	/System/Library/PrivateFrameworks/AppSandbox.framework/Versions/A/AppSandbox
0x000000002cc5c000 	/usr/lib/libsandbox.1.dylib
0x000000002cc5c000 	/usr/lib/libMatch.1.dylib
0x00000001377f3000 	/Library/Java/JavaVirtualMachines/jdk1.8.0_121.jdk/Contents/Home/jre/lib/libnet.dylib
0x000000013780a000 	/Library/Java/JavaVirtualMachines/jdk1.8.0_121.jdk/Contents/Home/jre/lib/libnio.dylib
0x00000001a8f95000 	/Library/Java/JavaVirtualMachines/jdk1.8.0_121.jdk/Contents/Home/jre/lib/libsunec.dylib
0x000000012d69c000 	/Library/Java/JavaVirtualMachines/jdk1.8.0_121.jdk/Contents/Home/jre/lib/libjavafx_font.dylib
0x000000012d68b000 	/Library/Java/JavaVirtualMachines/jdk1.8.0_121.jdk/Contents/Home/jre/lib/libprism_common.dylib

VM Arguments:
jvm_args: -Dfile.encoding=UTF-8 
java_command: easyBasic.Main
java_class_path (initial): /Users/nbaumgartner/Documents/GitHub/GoogleDatabaseTest/bin:/Users/nbaumgartner/.gradle/caches/modules-2/files-2.1/com.google.api-client/google-api-client/1.23.0/522ea860eb48dee71dfe2c61a1fd09663539f556/google-api-client-1.23.0.jar:/Users/nbaumgartner/.gradle/caches/modules-2/files-2.1/com.google.oauth-client/google-oauth-client-jetty/1.23.0/e0deaf34371e9ca09f9a04bcbaa854243283cae4/google-oauth-client-jetty-1.23.0.jar:/Users/nbaumgartner/.gradle/caches/modules-2/files-2.1/com.google.apis/google-api-services-sheets/v4-rev490-1.23.0/e3eafbcfdf648c95bb17b16a41e32ce0cc11cd89/google-api-services-sheets-v4-rev490-1.23.0.jar:/Users/nbaumgartner/.gradle/caches/modules-2/files-2.1/com.google.oauth-client/google-oauth-client/1.23.0/e57ea1e2220bda5a2bd24ff17860212861f3c5cf/google-oauth-client-1.23.0.jar:/Users/nbaumgartner/.gradle/caches/modules-2/files-2.1/com.google.http-client/google-http-client-jackson2/1.23.0/fd6761f4046a8cb0455e6fa5f58e12b061e9826e/google-http-client-jackson2-1.23.0.jar:/Users/nbaumgartner/.gradle/caches/modules-2/files-2.1/com.google.guava/guava-jdk5/17.0/463f8378feba44df7ba7cd9272d01837dad62b36/guava-jdk5-17.0.jar:/Users/nbaumgartner/.gradle/caches/modules-2/files-2.1/com.google.oauth-client/google-oauth-client-java6/1.23.0/7acbddf56c4ad04efc9d3b48fe015e6250241bf0/google-oauth-client-java6-1.23.0.jar:/Users/nbaumgartner/.gradle/caches/modules-2/files-2.1/org.mortbay.jetty/jetty/6.1.26/2f546e289fddd5b1fab1d4199fbb6e9ef43ee4b0/jetty-6.1.26.jar:/Users/nbaumgartner/.gradle/caches/modules-2/files-2.1/com.google.http-client/google-http-client/1.23.0/8e86c84ff3c98eca6423e97780325b299133d858/google-http-client-1.23.0.jar:/Users/nbaumgartner/.gradle/caches/modules-2/files-2.1/com.google.code.findbugs/jsr305/1.3.9/40719ea6961c0cb6afaeb6a921eaa1f6afd4cfdf/jsr305-1.3.9.jar:/Users/nbaumgartner/.gradle/caches/modules-2/files-2.1/com.fasterxml.jackson.core/jackson-core/2.1.3/f6c3aed1cdfa21b5c1737c915186ea93a95a58bd/jackson-core-2.1.3.jar:
Launcher Type: SUN_STANDARD

Environment Variables:
PATH=/usr/bin:/bin:/usr/sbin:/sbin
SHELL=/bin/bash

Signal Handlers:
SIGSEGV: [libjvm.dylib+0x5b1141], sa_mask[0]=11111111011111110111111111111111, sa_flags=SA_ONSTACK|SA_RESTART|SA_SIGINFO
SIGBUS: [libjvm.dylib+0x5b1141], sa_mask[0]=11111111011111110111111111111111, sa_flags=SA_RESTART|SA_SIGINFO
SIGFPE: [libjvm.dylib+0x487bc4], sa_mask[0]=11111111011111110111111111111111, sa_flags=SA_RESTART|SA_SIGINFO
SIGPIPE: [libjvm.dylib+0x487bc4], sa_mask[0]=11111111011111110111111111111111, sa_flags=SA_RESTART|SA_SIGINFO
SIGXFSZ: [libjvm.dylib+0x487bc4], sa_mask[0]=11111111011111110111111111111111, sa_flags=SA_RESTART|SA_SIGINFO
SIGILL: [libjvm.dylib+0x487bc4], sa_mask[0]=11111111011111110111111111111111, sa_flags=SA_RESTART|SA_SIGINFO
SIGUSR1: SIG_DFL, sa_mask[0]=00000000000000000000000000000000, sa_flags=none
SIGUSR2: [libjvm.dylib+0x4876e2], sa_mask[0]=00100000000000000000000000000000, sa_flags=SA_RESTART|SA_SIGINFO
SIGHUP: [libjvm.dylib+0x485cb9], sa_mask[0]=11111111011111110111111111111111, sa_flags=SA_RESTART|SA_SIGINFO
SIGINT: [libjvm.dylib+0x485cb9], sa_mask[0]=11111111011111110111111111111111, sa_flags=SA_RESTART|SA_SIGINFO
SIGTERM: [libjvm.dylib+0x485cb9], sa_mask[0]=11111111011111110111111111111111, sa_flags=SA_RESTART|SA_SIGINFO
SIGQUIT: [libjvm.dylib+0x485cb9], sa_mask[0]=11111111011111110111111111111111, sa_flags=SA_RESTART|SA_SIGINFO


---------------  S Y S T E M  ---------------

OS:Bsduname:Darwin 16.7.0 Darwin Kernel Version 16.7.0: Thu Jun 15 17:36:27 PDT 2017; root:xnu-3789.70.16~2/RELEASE_X86_64 x86_64
rlimit: STACK 8192k, CORE 0k, NPROC 709, NOFILE 10240, AS infinity
load average:2.15 4.70 6.92

CPU:total 4 (2 cores per cpu, 2 threads per core) family 6 model 78 stepping 3, cmov, cx8, fxsr, mmx, sse, sse2, sse3, ssse3, sse4.1, sse4.2, popcnt, avx, avx2, aes, clmul, erms, 3dnowpref, lzcnt, ht, tsc, tscinvbit, bmi1, bmi2, adx

Memory: 4k page, physical 16777216k(3780020k free)

/proc/meminfo:


vm_info: Java HotSpot(TM) 64-Bit Server VM (25.121-b13) for bsd-amd64 JRE (1.8.0_121-b13), built on Dec 12 2016 20:39:32 by "java_re" with gcc 4.2.1 (Based on Apple Inc. build 5658) (LLVM build 2336.11.00)

time: Fri Nov 17 13:14:19 2017
elapsed time: 11 seconds (0d 0h 0m 11s)

